ff ff ff ff ff ff 0 a0 24 cd d2 55 8 6 0 1 8 0 6 4 0 1 0 a0 24 cd d2 55 c0 1 1 1 0 0 0 0 0 0 c0 1 1 6 1 6 1 6 1 6 1 6 1 6 1 6 1 6 1 6 1 6 0 0 0 0 0 0 0 0 0 0 0 0 0 0 ff ff ff ff ff ff 0 0 e8 cb d9 b5 8 6 0 1 8 0 6 4 0 1 0 0 e8 cb 
ff ff ff ff ff ff 0 0 e8 cb d9 b5 8 6 0 1 8 0 6 4 0 1 0 0 e8 cb d9 b5 c0 1 1 74 0 0 0 0 0 0 c0 1 1 c8 20 20 20 20 20 20 20 20 20 20 20 20 20 20 20 20 20 20 0 0 0 0 0 0 0 0 0 0 0 0 0 0 ff ff ff ff ff ff 0 0 e8 cb d9 b5 8 6 0 1 8 0 6 4 0 1 0 0 e8 cb 
ff ff ff ff ff ff 0 0 e8 cb d9 b5 8 6 0 1 8 0 6 4 0 1 0 0 e8 cb d9 b5 c0 1 1 74 0 0 0 0 0 0 c0 1 1 c8 20 20 20 20 20 20 20 20 20 20 20 20 20 20 20 20 20 20 0 0 0 0 0 0 0 0 0 0 0 0 0 0 ff ff ff ff ff ff 0 0 e8 cb d9 b5 8 6 0 1 8 0 6 4 0 1 0 0 e8 cb 
ff ff ff ff ff ff 0 0 e8 cb d9 b5 8 6 0 1 8 0 6 4 0 1 0 0 e8 cb d9 b5 c0 1 1 74 0 0 0 0 0 0 c0 1 1 c8 20 20 20 20 20 20 20 20 20 20 20 20 20 20 20 20 20 20 0 0 0 0 0 0 0 0 0 0 0 0 0 0 ff ff ff ff ff ff 0 0 e8 cb d9 b5 8 6 0 1 8 0 6 4 0 1 0 0 e8 cb 
ff ff ff ff ff ff 0 0 e8 cb d9 b5 8 6 0 1 8 0 6 4 0 1 0 0 e8 cb d9 b5 c0 1 1 74 0 0 0 0 0 0 c0 1 1 c8 20 20 20 20 20 20 20 20 20 20 20 20 20 20 20 20 20 20 0 0 0 0 0 0 0 0 0 0 0 0 0 0 3 0 0 0 0 1 0 50 4e 3 21 88 0 ba f0 f0 3 2c 0 ff ef 8 0 0 0 0 
3 0 0 0 0 1 0 50 4e 3 21 88 0 ba f0 f0 3 2c 0 ff ef 8 0 0 0 0 0 0 0 43 53 20 20 20 20 20 20 20 20 20 20 20 20 20 1d 43 50 53 43 31 31 20 20 20 20 20 20 20 20 20 0 ff 53 4d 42 25 0 0 0 0 0 0 0 0 ff ff ff ff ff ff 0 50 4e 3 21 88 8 0 45 0 0 f9 1b 0 0 0 20 11 fb 7d 
ff ff ff ff ff ff 0 50 4e 3 21 88 8 0 45 0 0 f9 1b 0 0 0 20 11 fb 7d c0 1 1 75 c0 1 1 ff 0 8a 0 8a 0 e5 34 94 11 2 0 d c0 1 1 75 0 8a 0 cf 0 0 20 45 44 46 41 46 44 45 44 44 42 44 42 43 41 43 41 43 ff ff ff ff ff ff 0 a0 24 cd d2 55 0 60 ff ff 0 60 0 4 0 0 0 0 ff ff 
ff ff ff ff ff ff 0 a0 24 cd d2 55 0 60 ff ff 0 60 0 4 0 0 0 0 ff ff ff ff ff ff 4 52 0 0 0 0 0 a0 24 cd d2 55 40 38 0 2 6 40 43 53 31 0 0 0 0 0 0 0 0 0 0 0 0 0 0 0 0 0 0 0 0 0 0 0 ff ff ff ff ff ff 0 a0 24 cd d2 55 0 60 ff ff 0 60 0 4 0 0 0 0 ff ff 
ff ff ff ff ff ff 0 a0 24 cd d2 55 0 60 ff ff 0 60 0 4 0 0 0 0 ff ff ff ff ff ff 4 52 0 0 0 0 0 a0 24 cd d2 55 40 38 0 2 6 4e 43 53 31 21 21 21 21 21 21 21 21 21 21 21 21 41 35 35 36 39 42 32 30 41 42 45 ff ff ff ff ff ff 0 0 44 7 4 a4 8 6 0 1 8 0 6 4 0 1 0 0 44 7 
ff ff ff ff ff ff 0 0 44 7 4 a4 8 6 0 1 8 0 6 4 0 1 0 0 44 7 4 a4 c0 1 1 76 0 0 0 0 0 0 c0 1 1 76 20 20 20 20 20 20 20 20 20 20 20 20 20 20 20 20 20 20 0 0 0 0 0 0 0 0 0 0 0 0 0 0 ff ff ff ff ff ff 0 0 44 7 4 a4 0 28 ff ff 0 28 0 1 0 0 0 0 ff ff 
ff ff ff ff ff ff 0 0 44 7 4 a4 0 28 ff ff 0 28 0 1 0 0 0 0 ff ff ff ff ff ff 4 53 0 0 0 0 0 0 44 7 4 a4 40 0 0 1 ff ff ff ff 12 0 0 f0 20 20 20 20 20 20 0 0 0 0 0 0 0 0 0 0 0 0 0 0 ff ff ff ff ff ff 0 0 44 7 4 a4 0 2b e0 e0 3 ff ff 0 28 0 1 0 0 0 
ff ff ff ff ff ff 0 0 44 7 4 a4 0 2b e0 e0 3 ff ff 0 28 0 1 0 0 0 0 ff ff ff ff ff ff 4 53 0 0 0 0 0 0 44 7 4 a4 40 0 0 1 ff ff ff ff 0 0 0 0 20 20 20 0 0 0 0 0 0 0 0 0 0 0 0 0 0 ff ff ff ff ff ff 0 0 44 7 4 a4 81 37 ff ff 0 28 0 1 0 0 0 0 ff ff 
ff ff ff ff ff ff 0 0 44 7 4 a4 81 37 ff ff 0 28 0 1 0 0 0 0 ff ff ff ff ff ff 4 53 0 0 0 0 0 0 44 7 4 a4 40 0 0 1 ff ff ff ff 0 0 0 0 20 20 20 20 20 20 0 0 0 0 0 0 0 0 0 0 0 0 0 0 ff ff ff ff ff ff 0 0 44 7 4 a4 0 28 ff ff 0 28 0 1 0 0 0 0 ff ff 
ff ff ff ff ff ff 0 0 44 7 4 a4 0 28 ff ff 0 28 0 1 0 0 0 0 ff ff ff ff ff ff 4 53 0 0 0 0 0 0 44 7 4 a4 40 0 0 1 ff ff ff ff 0 0 0 0 20 20 20 20 20 20 0 0 0 0 0 0 0 0 0 0 0 0 0 0 ff ff ff ff ff ff 0 0 44 7 4 a4 0 2b e0 e0 3 ff ff 0 28 0 1 0 0 0 
ff ff ff ff ff ff 0 0 44 7 4 a4 0 2b e0 e0 3 ff ff 0 28 0 1 0 0 0 0 ff ff ff ff ff ff 4 53 0 0 0 0 0 0 44 7 4 a4 40 0 0 1 ff ff ff ff 0 0 0 0 20 20 20 0 0 0 0 0 0 0 0 0 0 0 0 0 0 ff ff ff ff ff ff 0 0 44 7 4 a4 81 37 ff ff 0 28 0 1 0 0 0 0 ff ff 
ff ff ff ff ff ff 0 0 44 7 4 a4 81 37 ff ff 0 28 0 1 0 0 0 0 ff ff ff ff ff ff 4 53 0 0 0 0 0 0 44 7 4 a4 40 0 0 1 ff ff ff ff 0 0 0 0 20 20 20 20 20 20 0 0 0 0 0 0 0 0 0 0 0 0 0 0 3 0 0 0 0 1 0 0 44 7 4 a4 0 2f f0 f0 3 2c 0 ff ef 1 0 0 0 0 
3 0 0 0 0 1 0 0 44 7 4 a4 0 2f f0 f0 3 2c 0 ff ef 1 0 0 0 0 0 1 0 0 0 0 0 0 0 0 0 0 0 0 0 0 0 0 0 43 50 53 43 31 35 20 20 20 20 20 20 20 20 20 0 0 0 0 0 0 0 0 0 0 0 0 0 0 3 0 0 0 0 1 0 0 44 7 4 a4 0 2f f0 f0 3 2c 0 ff ef 0 0 0 0 0 
3 0 0 0 0 1 0 0 44 7 4 a4 0 2f f0 f0 3 2c 0 ff ef 0 0 0 0 0 0 2 0 0 0 0 0 0 0 0 0 0 0 0 0 0 0 0 0 43 53 20 20 20 20 20 20 20 20 20 20 20 20 20 0 0 0 0 0 0 0 0 0 0 0 0 0 0 3 0 0 0 0 1 0 0 44 7 4 a4 0 2f f0 f0 3 2c 0 ff ef 1 0 0 0 0 
3 0 0 0 0 1 0 0 44 7 4 a4 0 2f f0 f0 3 2c 0 ff ef 1 0 0 0 0 0 3 0 0 0 0 0 0 0 0 0 0 0 0 0 0 0 0 0 43 50 53 43 31 35 20 20 20 20 20 20 20 20 20 3 0 0 0 0 0 0 0 0 0 0 0 0 0 ff ff ff ff ff ff 0 0 44 7 4 a4 8 0 45 0 0 60 0 0 0 0 20 11 17 16 
ff ff ff ff ff ff 0 0 44 7 4 a4 8 0 45 0 0 60 0 0 0 0 20 11 17 16 c0 1 1 76 c0 1 1 ff 0 89 0 89 0 4c f8 ca 0 0 29 10 0 1 0 0 0 0 0 1 20 45 44 46 41 46 44 45 44 44 42 44 46 43 41 43 41 43 41 43 ff ff ff ff ff ff 0 0 44 7 4 a4 8 0 45 0 0 60 1 0 0 0 20 11 16 16 
ff ff ff ff ff ff 0 0 44 7 4 a4 8 0 45 0 0 60 1 0 0 0 20 11 16 16 c0 1 1 76 c0 1 1 ff 0 89 0 89 0 4c 81 d0 0 1 29 10 0 1 0 0 0 0 0 1 20 45 44 46 44 43 41 43 41 43 41 43 41 43 41 43 41 43 41 43 ff ff ff ff ff ff 0 0 44 7 4 a4 8 0 45 0 0 60 2 0 0 0 20 11 15 16 
ff ff ff ff ff ff 0 0 44 7 4 a4 8 0 45 0 0 60 2 0 0 0 20 11 15 16 c0 1 1 76 c0 1 1 ff 0 89 0 89 0 4c f5 c8 0 2 29 10 0 1 0 0 0 0 0 1 20 45 44 46 41 46 44 45 44 44 42 44 46 43 41 43 41 43 41 43 ff ff ff ff ff ff 0 0 44 7 4 a4 8 0 45 0 0 60 3 0 0 0 20 11 14 16 
ff ff ff ff ff ff 0 0 44 7 4 a4 8 0 45 0 0 60 3 0 0 0 20 11 14 16 c0 1 1 76 c0 1 1 ff 0 89 0 89 0 4c f5 c8 0 2 29 10 0 1 0 0 0 0 0 1 20 45 44 46 41 46 44 45 44 44 42 44 46 43 41 43 41 43 41 43 ff ff ff ff ff ff 0 0 44 7 4 a4 8 0 45 0 0 60 4 0 0 0 20 11 13 16 
ff ff ff ff ff ff 0 0 44 7 4 a4 8 0 45 0 0 60 4 0 0 0 20 11 13 16 c0 1 1 76 c0 1 1 ff 0 89 0 89 0 4c 81 d0 0 1 29 10 0 1 0 0 0 0 0 1 20 45 44 46 44 43 41 43 41 43 41 43 41 43 41 43 41 43 41 43 ff ff ff ff ff ff 0 0 44 7 4 a4 8 0 45 0 0 60 5 0 0 0 20 11 12 16 
ff ff ff ff ff ff 0 0 44 7 4 a4 8 0 45 0 0 60 5 0 0 0 20 11 12 16 c0 1 1 76 c0 1 1 ff 0 89 0 89 0 4c f8 c7 0 3 29 10 0 1 0 0 0 0 0 1 20 45 44 46 41 46 44 45 44 44 42 44 46 43 41 43 41 43 41 43 3 0 0 0 0 1 0 0 44 7 4 a4 0 2f f0 f0 3 2c 0 ff ef 1 0 0 0 0 
3 0 0 0 0 1 0 0 44 7 4 a4 0 2f f0 f0 3 2c 0 ff ef 1 0 0 0 0 0 3 0 0 0 0 0 0 0 0 0 0 0 0 0 0 0 0 0 43 50 53 43 31 35 20 20 20 20 20 20 20 20 20 3 0 0 0 0 0 0 0 0 0 0 0 0 0 3 0 0 0 0 1 0 0 44 7 4 a4 0 2f f0 f0 3 2c 0 ff ef 0 0 0 0 0 
3 0 0 0 0 1 0 0 44 7 4 a4 0 2f f0 f0 3 2c 0 ff ef 0 0 0 0 0 0 2 0 0 0 0 0 0 0 0 0 0 0 0 0 0 0 0 0 43 53 20 20 20 20 20 20 20 20 20 20 20 20 20 0 0 0 0 0 0 0 0 0 0 0 0 0 0 3 0 0 0 0 1 0 0 44 7 4 a4 0 2f f0 f0 3 2c 0 ff ef 1 0 0 0 0 
3 0 0 0 0 1 0 0 44 7 4 a4 0 2f f0 f0 3 2c 0 ff ef 1 0 0 0 0 0 1 0 0 0 0 0 0 0 0 0 0 0 0 0 0 0 0 0 43 50 53 43 31 35 20 20 20 20 20 20 20 20 20 0 0 0 0 0 0 0 0 0 0 0 0 0 0 ff ff ff ff ff ff 0 0 44 7 4 a4 8 0 45 0 0 60 6 0 0 0 20 11 11 16 
ff ff ff ff ff ff 0 0 44 7 4 a4 8 0 45 0 0 60 6 0 0 0 20 11 11 16 c0 1 1 76 c0 1 1 ff 0 89 0 89 0 4c f8 c7 0 3 29 10 0 1 0 0 0 0 0 1 20 45 44 46 41 46 44 45 44 44 42 44 46 43 41 43 41 43 41 43 ff ff ff ff ff ff 0 0 44 7 4 a4 8 0 45 0 0 60 7 0 0 0 20 11 10 16 
ff ff ff ff ff ff 0 0 44 7 4 a4 8 0 45 0 0 60 7 0 0 0 20 11 10 16 c0 1 1 76 c0 1 1 ff 0 89 0 89 0 4c 81 d0 0 1 29 10 0 1 0 0 0 0 0 1 20 45 44 46 44 43 41 43 41 43 41 43 41 43 41 43 41 43 41 43 ff ff ff ff ff ff 0 0 44 7 4 a4 8 0 45 0 0 60 8 0 0 0 20 11 f 16 
ff ff ff ff ff ff 0 0 44 7 4 a4 8 0 45 0 0 60 8 0 0 0 20 11 f 16 c0 1 1 76 c0 1 1 ff 0 89 0 89 0 4c f5 c8 0 2 29 10 0 1 0 0 0 0 0 1 20 45 44 46 41 46 44 45 44 44 42 44 46 43 41 43 41 43 41 43 3 0 0 0 0 1 0 0 44 7 4 a4 0 2f f0 f0 3 2c 0 ff ef 1 0 0 0 0 
3 0 0 0 0 1 0 0 44 7 4 a4 0 2f f0 f0 3 2c 0 ff ef 1 0 0 0 0 0 3 0 0 0 0 0 0 0 0 0 0 0 0 0 0 0 0 0 43 50 53 43 31 35 20 20 20 20 20 20 20 20 20 3 0 0 0 0 0 0 0 0 0 0 0 0 0 3 0 0 0 0 1 0 0 44 7 4 a4 0 2f f0 f0 3 2c 0 ff ef 0 0 0 0 0 
3 0 0 0 0 1 0 0 44 7 4 a4 0 2f f0 f0 3 2c 0 ff ef 0 0 0 0 0 0 2 0 0 0 0 0 0 0 0 0 0 0 0 0 0 0 0 0 43 53 20 20 20 20 20 20 20 20 20 20 20 20 20 0 0 0 0 0 0 0 0 0 0 0 0 0 0 3 0 0 0 0 1 0 0 44 7 4 a4 0 2f f0 f0 3 2c 0 ff ef 1 0 0 0 0 
3 0 0 0 0 1 0 0 44 7 4 a4 0 2f f0 f0 3 2c 0 ff ef 1 0 0 0 0 0 1 0 0 0 0 0 0 0 0 0 0 0 0 0 0 0 0 0 43 50 53 43 31 35 20 20 20 20 20 20 20 20 20 0 0 0 0 0 0 0 0 0 0 0 0 0 0 ff ff ff ff ff ff 0 0 44 7 4 a4 8 0 45 0 0 60 9 0 0 0 20 11 e 16 
ff ff ff ff ff ff 0 0 44 7 4 a4 8 0 45 0 0 60 9 0 0 0 20 11 e 16 c0 1 1 76 c0 1 1 ff 0 89 0 89 0 4c f6 c8 0 2 28 10 0 1 0 0 0 0 0 1 20 45 44 46 41 46 44 45 44 44 42 44 46 43 41 43 41 43 41 43 ff ff ff ff ff ff 0 0 44 7 4 a4 8 0 45 0 0 60 a 0 0 0 20 11 0 50 
ff ff ff ff ff ff 0 0 44 7 4 a4 8 0 45 0 0 60 a 0 0 0 20 11 0 50 4e 3 21 88 0 1 1 ff 0 89 0 89 0 4c 82 d0 0 1 28 10 0 1 0 0 0 0 0 1 20 45 44 46 44 43 41 43 41 43 41 43 41 43 41 43 41 43 41 43 ff ff ff ff ff ff 0 0 44 7 4 a4 8 0 45 0 0 60 b 0 0 0 20 11 c 16 
ff ff ff ff ff ff0 0 44 7 4 a4 8 0 45 0 0 60 b 0 0 0 20 11 c 16 c0 1 1 76 c0 1 1 ff 0 89 0 89 0 4c f9 c7 0 3 28 10 0 1 0 0 0 0 0 1 20 45 44 46 41 46 44 45 44 44 42 44 46 43 41 43 41 43 41 43 0 0 0 0 0 0 0 0 0 0 0 0 0 0 0 0 0 0 0 0 0 0 0 0 0 0 
